#
# There is insufficient memory for the Java Runtime Environment to continue.
# Native memory allocation (mmap) failed to map 2097152 bytes for G1 virtual space
# Possible reasons:
#   The system is out of physical RAM or swap space
#   The process is running with CompressedOops enabled, and the Java Heap may be blocking the growth of the native heap
# Possible solutions:
#   Reduce memory load on the system
#   Increase physical memory or swap space
#   Check if swap backing store is full
#   Decrease Java heap size (-Xmx/-Xms)
#   Decrease number of Java threads
#   Decrease Java thread stack sizes (-Xss)
#   Set larger code cache with -XX:ReservedCodeCacheSize=
#   JVM is running with Unscaled Compressed Oops mode in which the Java heap is
#     placed in the first 4GB address space. The Java Heap base address is the
#     maximum limit for the native heap growth. Please use -XX:HeapBaseMinAddress
#     to set the Java Heap base and to place the Java Heap above 4GB virtual address.
# This output file may be truncated or incomplete.
#
#  Out of Memory Error (./open/src/hotspot/os/windows/os_windows.cpp:3472), pid=7996, tid=22856
#
# JRE version:  (15.0.1+9) (build )
# Java VM: Java HotSpot(TM) 64-Bit Server VM (15.0.1+9-18, mixed mode, sharing, tiered, compressed oops, g1 gc, windows-amd64)
# No core dump will be written. Minidumps are not enabled by default on client versions of Windows
#

---------------  S U M M A R Y ------------

Command Line: -XX:TieredStopAtLevel=1 com.maksystem.Project.ProjectApplication

Host: Intel(R) Core(TM) i7-8550U CPU @ 1.80GHz, 8 cores, 7G,  Windows 10 , 64 bit Build 18362 (10.0.18362.1316)
Time: Mon Feb  8 01:38:20 2021 Central European Standard Time elapsed time: 0.015773 seconds (0d 0h 0m 0s)

---------------  T H R E A D  ---------------

Current thread (0x000001e7d3143000):  JavaThread "Unknown thread" [_thread_in_vm, id=22856, stack(0x0000001a96600000,0x0000001a96700000)]

Stack: [0x0000001a96600000,0x0000001a96700000]
Native frames: (J=compiled Java code, j=interpreted, Vv=VM code, C=native code)
V  [jvm.dll+0x62ae9a]
V  [jvm.dll+0x781389]
V  [jvm.dll+0x782ae3]
V  [jvm.dll+0x783143]
V  [jvm.dll+0x216265]
V  [jvm.dll+0x6281d9]
V  [jvm.dll+0x61cd15]
V  [jvm.dll+0x2d01fd]
V  [jvm.dll+0x2d0062]
V  [jvm.dll+0x2d603c]
V  [jvm.dll+0x325b53]
V  [jvm.dll+0x3251f4]
V  [jvm.dll+0x2a717a]
V  [jvm.dll+0x2a8318]
V  [jvm.dll+0x75e101]
V  [jvm.dll+0x3343e4]
V  [jvm.dll+0x73e826]
V  [jvm.dll+0x3b7777]
V  [jvm.dll+0x3b9201]
C  [jli.dll+0x52fb]
C  [ucrtbase.dll+0x210b2]
C  [KERNEL32.DLL+0x17c24]
C  [ntdll.dll+0x6d4d1]


---------------  P R O C E S S  ---------------

Threads class SMR info:
_java_thread_list=0x00007ffd79684ff0, length=0, elements={
}

Java Threads: ( => current thread )

Other Threads:
  0x000001e7d3182d20 GCTaskThread "GC Thread#0" [stack: 0x0000001a96700000,0x0000001a96800000] [id=18364]
  0x000001e7d3194c00 ConcurrentGCThread "G1 Main Marker" [stack: 0x0000001a96800000,0x0000001a96900000] [id=16636]
  0x000001e7d31957f0 ConcurrentGCThread "G1 Conc#0" [stack: 0x0000001a96900000,0x0000001a96a00000] [id=23560]

[error occurred during error reporting (printing all threads), id 0xc0000005, EXCEPTION_ACCESS_VIOLATION (0xc0000005) at pc=0x00007ffd78e78047]

VM state: not at safepoint (not fully initialized)

VM Mutex/Monitor currently owned by a thread:  ([mutex/lock_event])
[0x000001e7d313e990] Heap_lock - owner thread: 0x000001e7d3143000

Heap address: 0x0000000081c00000, size: 2020 MB, Compressed Oops mode: 32-bit
CDS archive(s) mapped at: [0x0000000000000000-0x0000000000000000-0x0000000000000000), size 0, SharedBaseAddress: 0x0000000800000000, ArchiveRelocationMode: 0.
Narrow klass base: 0x0000000000000000, Narrow klass shift: 0, Narrow klass range: 0x0

Heap:
 garbage-first heap   total 131072K, used 0K [0x0000000081c00000, 0x0000000100000000)
  region size 1024K, 0 young (0K), 0 survivors (0K)
 Metaspace       used 0K, capacity 0K, committed 0K, reserved 0K
  class space    used 0K, capacity 0K, committed 0K, reserved 0K

Heap Regions: E=young(eden), S=young(survivor), O=old, HS=humongous(starts), HC=humongous(continues), CS=collection set, F=free, OA=open archive, CA=closed archive, TAMS=top-at-mark-start (previous, next)

Card table byte_map: [0x000001e7ec8b0000,0x000001e7eccb0000] _byte_map_base: 0x000001e7ec4a2000

Marking Bits (Prev, Next): (CMBitMap*) 0x000001e7d3183590, (CMBitMap*) 0x000001e7d31835d0
 Prev Bits: [0x000001e7ed0b0000, 0x000001e7ef040000)
 Next Bits: [0x000001e7ef040000, 0x000001e7f0fd0000)

GC Heap History (0 events):
No events

Deoptimization events (0 events):
No events

Classes unloaded (0 events):
No events

Classes redefined (0 events):
No events

Internal exceptions (0 events):
No events

Events (1 events):
Event: 0.007 Loaded shared library C:\Program Files\Java\jdk-15.0.1\bin\java.dll


Dynamic libraries:
0x00007ff741710000 - 0x00007ff74171f000 	C:\Program Files\Java\jdk-15.0.1\bin\java.exe
0x00007ffde3860000 - 0x00007ffde3a50000 	C:\WINDOWS\SYSTEM32\ntdll.dll
0x00007ffde1910000 - 0x00007ffde19c2000 	C:\WINDOWS\System32\KERNEL32.DLL
0x00007ffde0eb0000 - 0x00007ffde1155000 	C:\WINDOWS\System32\KERNELBASE.dll
0x00007ffdd8620000 - 0x00007ffdd86fa000 	C:\Program Files\Bitdefender\Endpoint Security\atcuf\265001529819813174\atcuf64.dll
0x00007ffde0cd0000 - 0x00007ffde0dca000 	C:\WINDOWS\System32\ucrtbase.dll
0x00007ffdcab70000 - 0x00007ffdcab88000 	C:\Program Files\Java\jdk-15.0.1\bin\jli.dll
0x00007ffde19d0000 - 0x00007ffde1a73000 	C:\WINDOWS\System32\ADVAPI32.dll
0x00007ffde3050000 - 0x00007ffde30ee000 	C:\WINDOWS\System32\msvcrt.dll
0x00007ffde2d00000 - 0x00007ffde2d97000 	C:\WINDOWS\System32\sechost.dll
0x00007ffde30f0000 - 0x00007ffde320f000 	C:\WINDOWS\System32\RPCRT4.dll
0x00007ffde2eb0000 - 0x00007ffde3044000 	C:\WINDOWS\System32\USER32.dll
0x00007ffde0e80000 - 0x00007ffde0ea1000 	C:\WINDOWS\System32\win32u.dll
0x00007ffde2380000 - 0x00007ffde23a6000 	C:\WINDOWS\System32\GDI32.dll
0x00007ffde0890000 - 0x00007ffde0a28000 	C:\WINDOWS\System32\gdi32full.dll
0x00007ffde0b80000 - 0x00007ffde0c1e000 	C:\WINDOWS\System32\msvcp_win.dll
0x00007ffdcddb0000 - 0x00007ffdcddc9000 	C:\Program Files\Java\jdk-15.0.1\bin\VCRUNTIME140.dll
0x00007ffdcc3f0000 - 0x00007ffdcc674000 	C:\WINDOWS\WinSxS\amd64_microsoft.windows.common-controls_6595b64144ccf1df_6.0.18362.1316_none_9e7a364fe461dbd7\COMCTL32.dll
0x00007ffde3400000 - 0x00007ffde3737000 	C:\WINDOWS\System32\combase.dll
0x00007ffde07e0000 - 0x00007ffde0861000 	C:\WINDOWS\System32\bcryptPrimitives.dll
0x00007ffdda770000 - 0x00007ffdda77a000 	C:\WINDOWS\SYSTEM32\VERSION.dll
0x00007ffde2cd0000 - 0x00007ffde2cfe000 	C:\WINDOWS\System32\IMM32.DLL
0x00007ffdd6b00000 - 0x00007ffdd6b0c000 	C:\Program Files\Java\jdk-15.0.1\bin\vcruntime140_1.dll
0x00007ffdba8e0000 - 0x00007ffdba971000 	C:\Program Files\Java\jdk-15.0.1\bin\msvcp140.dll
0x00007ffd78bc0000 - 0x00007ffd7971e000 	C:\Program Files\Java\jdk-15.0.1\bin\server\jvm.dll
0x00007ffde3810000 - 0x00007ffde3818000 	C:\WINDOWS\System32\PSAPI.DLL
0x00007ffddb890000 - 0x00007ffddb899000 	C:\WINDOWS\SYSTEM32\WSOCK32.dll
0x00007ffde2520000 - 0x00007ffde258f000 	C:\WINDOWS\System32\WS2_32.dll
0x00007ffddcfc0000 - 0x00007ffddcfe4000 	C:\WINDOWS\SYSTEM32\WINMM.dll
0x00007ffddcf90000 - 0x00007ffddcfbd000 	C:\WINDOWS\SYSTEM32\WINMMBASE.dll
0x00007ffde0dd0000 - 0x00007ffde0e1a000 	C:\WINDOWS\System32\cfgmgr32.dll
0x00007ffde0740000 - 0x00007ffde0751000 	C:\WINDOWS\System32\kernel.appcore.dll
0x00007ffdd7ef0000 - 0x00007ffdd7efa000 	C:\Program Files\Java\jdk-15.0.1\bin\jimage.dll
0x00007ffdde460000 - 0x00007ffdde654000 	C:\WINDOWS\SYSTEM32\DBGHELP.DLL
0x00007ffdd8c70000 - 0x00007ffdd8c9a000 	C:\WINDOWS\SYSTEM32\dbgcore.DLL
0x00007ffdc4ab0000 - 0x00007ffdc4ad5000 	C:\Program Files\Java\jdk-15.0.1\bin\java.dll

dbghelp: loaded successfully - version: 4.0.5 - missing functions: none
symbol engine: initialized successfully - sym options: 0x614 - pdb path: .;C:\Program Files\Java\jdk-15.0.1\bin;C:\WINDOWS\SYSTEM32;C:\Program Files\Bitdefender\Endpoint Security\atcuf\265001529819813174;C:\WINDOWS\WinSxS\amd64_microsoft.windows.common-controls_6595b64144ccf1df_6.0.18362.1316_none_9e7a364fe461dbd7;C:\Program Files\Java\jdk-15.0.1\bin\server

VM Arguments:
jvm_args: -XX:TieredStopAtLevel=1 
java_command: com.maksystem.Project.ProjectApplication
java_class_path (initial): C:\Users\SSEDEV23\PycharmProjects\Scripts\Mak-system\target\classes;C:\Users\SSEDEV23\.m2\repository\org\aspectj\aspectjweaver\1.9.6\aspectjweaver-1.9.6.jar;C:\Users\SSEDEV23\.m2\repository\com\zaxxer\HikariCP\3.4.5\HikariCP-3.4.5.jar;C:\Users\SSEDEV23\.m2\repository\org\springframework\spring-jdbc\5.3.3\spring-jdbc-5.3.3.jar;C:\Users\SSEDEV23\.m2\repository\jakarta\transaction\jakarta.transaction-api\1.3.3\jakarta.transaction-api-1.3.3.jar;C:\Users\SSEDEV23\.m2\repository\jakarta\persistence\jakarta.persistence-api\2.2.3\jakarta.persistence-api-2.2.3.jar;C:\Users\SSEDEV23\.m2\repository\org\hibernate\hibernate-core\5.4.27.Final\hibernate-core-5.4.27.Final.jar;C:\Users\SSEDEV23\.m2\repository\org\jboss\logging\jboss-logging\3.4.1.Final\jboss-logging-3.4.1.Final.jar;C:\Users\SSEDEV23\.m2\repository\org\javassist\javassist\3.27.0-GA\javassist-3.27.0-GA.jar;C:\Users\SSEDEV23\.m2\repository\net\bytebuddy\byte-buddy\1.10.19\byte-buddy-1.10.19.jar;C:\Users\SSEDEV23\.m2\repository\antlr\antlr\2.7.7\antlr-2.7.7.jar;C:\Users\SSEDEV23\.m2\repository\org\jboss\jandex\2.1.3.Final\jandex-2.1.3.Final.jar;C:\Users\SSEDEV23\.m2\repository\com\fasterxml\classmate\1.5.1\classmate-1.5.1.jar;C:\Users\SSEDEV23\.m2\repository\org\dom4j\dom4j\2.1.3\dom4j-2.1.3.jar;C:\Users\SSEDEV23\.m2\repository\org\hibernate\common\hibernate-commons-annotations\5.1.2.Final\hibernate-commons-annotations-5.1.2.Final.jar;C:\Users\SSEDEV23\.m2\repository\org\glassfish\jaxb\jaxb-runtime\2.3.3\jaxb-runtime-2.3.3.jar;C:\Users\SSEDEV23\.m2\repository\org\glassfish\jaxb\txw2\2.3.3\txw2-2.3.3.jar;C:\Users\SSEDEV23\.m2\repository\com\sun\istack\istack-commons-runtime\3.0.11\istack-commons-runtime-3.0.11.jar;C:\Users\SSEDEV23\.m2\repository\com\sun\activation\jakarta.activation\1.2.2\jakarta.activation-1.2.2.jar;C:\Users\SSEDEV23\.m2\repository\org\springframework\data\spring-data-jpa\2.4.3\spring-data-jpa-2.4.3.jar;C:\Users\SSEDEV23\.m2\repository\org\springframework\data\spring-data-c
Launcher Type: SUN_STANDARD

[Global flags]
     intx CICompilerCount                          = 4                                         {product} {ergonomic}
     uint ConcGCThreads                            = 2                                         {product} {ergonomic}
     uint G1ConcRefinementThreads                  = 8                                         {product} {ergonomic}
   size_t G1HeapRegionSize                         = 1048576                                   {product} {ergonomic}
    uintx GCDrainStackTargetSize                   = 64                                        {product} {ergonomic}
   size_t InitialHeapSize                          = 134217728                                 {product} {ergonomic}
   size_t MarkStackSize                            = 4194304                                   {product} {ergonomic}
   size_t MaxHeapSize                              = 2118123520                                {product} {ergonomic}
   size_t MinHeapDeltaBytes                        = 1048576                                   {product} {ergonomic}
   size_t MinHeapSize                              = 8388608                                   {product} {ergonomic}
    uintx NonNMethodCodeHeapSize                   = 7549744                                {pd product} {ergonomic}
    uintx NonProfiledCodeHeapSize                  = 244108496                              {pd product} {ergonomic}
    uintx ProfiledCodeHeapSize                     = 0                                      {pd product} {ergonomic}
    uintx ReservedCodeCacheSize                    = 251658240                              {pd product} {ergonomic}
     bool SegmentedCodeCache                       = true                                      {product} {ergonomic}
   size_t SoftMaxHeapSize                          = 2118123520                             {manageable} {ergonomic}
     intx TieredStopAtLevel                        = 1                                         {product} {command line}
     bool UseCompressedClassPointers               = true                                 {lp64_product} {ergonomic}
     bool UseCompressedOops                        = true                                 {lp64_product} {ergonomic}
     bool UseG1GC                                  = true                                      {product} {ergonomic}
     bool UseLargePagesIndividualAllocation        = false                                  {pd product} {ergonomic}

Logging:
Log output configuration:
 #0: stdout all=warning uptime,level,tags
 #1: stderr all=off uptime,level,tags

Environment Variables:
JAVA_HOME=C:\Users\SSEDEV23\Downloads\logstash-7.10.0-windows-x86_64\logstash-7.10.0\bin\jdk-15.0.1_windows-x64_bin\jdk-15.0.1\bin
PATH=C:/Program Files/Java/jdk-15.0.1/bin/server;C:/Program Files/Java/jdk-15.0.1/bin;C:\Users\SSEDEV23\Downloads\logstash-7.9.0\logstash-7.9.0\bin\openlogic-openjdk-8u262-b10-windows-x32 (1)\openlogic-openjdk-8u262-b10-win-32;C:\Program Files\Docker\Docker\resources\bin;C:\ProgramData\DockerDesktop\version-bin;C:\Program Files\Amazon\AWSCLIV2\;C:\Program Files\nodejs\;C:\Users\SSEDEV23\AppData\Roaming\npm\node_modules\serverless\bin;C:\Users\SSEDEV23\AppData\Roaming\npm\;C:\Program Files\dotnet\;C:\Users\SSEDEV23\AppData\Local\Programs\Python\Python38\Scripts\;C:\Users\SSEDEV23\AppData\Local\Programs\Python\Python38\;C:\Users\SSEDEV23\Anaconda3;C:\Users\SSEDEV23\Anaconda3\Library\mingw-w64\bin;C:\Users\SSEDEV23\Anaconda3\Library\usr\bin;C:\Users\SSEDEV23\Anaconda3\Library\bin;C:\Users\SSEDEV23\Anaconda3\Scripts;C:\Users\SSEDEV23\AppData\Local\Programs\Python\Python37\Scripts\;C:\Users\SSEDEV23\AppData\Local\Programs\Python\Python37\;C:\Users\SSEDEV23\AppData\Local\Programs\Python\Python36\Scripts\;C:\Users\SSEDEV23\AppData\Local\Programs\Python\Python36\;C:\Windows\system32;C:\Windows;C:\Windows\System32\Wbem;C:\Windows\System32\WindowsPowerShell\v1.0\;C:\Windows\System32\OpenSSH\;C:\Program Files\Git\cmd;C:\Users\SSEDEV23\AppData\Roaming\Python\Python38;C:\Users\SSEDEV23\AppData\Roaming\Microsoft\Windows\Start Menu\Programs\Python 38\Scripts;C:\Users\SSEDEV23\AppData\Local\Microsoft\WindowsApps;C:\Users\SSEDEV23\AppData\Roaming\Microsoft\Windows\Start Menu\Programs\Python 3.8\Scripts;C:\Users\SSEDEV23\AppData\Roaming\Composer\vendor\bin;C:\Users\SSEDEV23\AppData\Local\Microsoft\WindowsApps;C:\Users\SSEDEV23\AppData\Local\Programs\EmEditor;C:\Users\SSEDEV23\Downloads\logstash-7.10.0-windows-x86_64\logstash-7.10.0\bin\jdk-15.0.1_windows-x64_bin\jdk-15.0.1\bin;C:\Users\SSEDEV23\AppData\Roaming\npm\;C:\Users\SSEDEV23\AppData\Roaming\npm\node_modules\serverless\bin;C:\Users\SSEDEV23\AppData\Roaming\Microsoft\Windows\Start Menu\Programs\Python 3.7;;C:\WINDOWS\system32;
USERNAME=SSEDEV23
OS=Windows_NT
PROCESSOR_IDENTIFIER=Intel64 Family 6 Model 142 Stepping 10, GenuineIntel



---------------  S Y S T E M  ---------------

OS:
 Windows 10 , 64 bit Build 18362 (10.0.18362.1316)
OS uptime: 25 days 1:56 hours
HyperV virtualization detected

CPU: total 8 (initial active 8) (4 cores per cpu, 2 threads per core) family 6 model 142 stepping 10 microcode 0xb4, cmov, cx8, fxsr, mmx, sse, sse2, sse3, ssse3, sse4.1, sse4.2, popcnt, vzeroupper, avx, avx2, aes, clmul, erms, 3dnowpref, lzcnt, ht, tsc, tscinvbit, bmi1, bmi2, adx, fma, clflush, clflushopt

Memory: 4k page, system-wide physical 8076M (347M free)
TotalPageFile size 32652M (AvailPageFile size 6M)
current process WorkingSet (physical memory assigned to process): 10M, peak: 10M
current process commit charge ("private bytes"): 189M, peak: 191M

vm_info: Java HotSpot(TM) 64-Bit Server VM (15.0.1+9-18) for windows-amd64 JRE (15.0.1+9-18), built on Sep 15 2020 14:43:54 by "mach5one" with unknown MS VC++:1925

END.
